C:/Users/carlm/AppData/Local/Temp/OpenModelica/OMEdit/MPC.DuplicateComponents.AirHeaterWithIO/AirHeaterWithIO.exe -port=59644 -logFormat=xmltcp -override=startTime=0,stopTime=500,stepSize=1,tolerance=1e-06,solver=dassl,outputFormat=mat,variableFilter=.* -r=C:/Users/carlm/AppData/Local/Temp/OpenModelica/OMEdit/MPC.DuplicateComponents.AirHeaterWithIO/AirHeaterWithIO_res.mat -w -lv=LOG_STATS -inputPath=C:/Users/carlm/AppData/Local/Temp/OpenModelica/OMEdit/MPC.DuplicateComponents.AirHeaterWithIO -outputPath=C:/Users/carlm/AppData/Local/Temp/OpenModelica/OMEdit/MPC.DuplicateComponents.AirHeaterWithIO
The initialization finished successfully without homotopy method.
### STATISTICS ###
timer
   0.0052226s          reading init.xml
   0.0015392s          reading info.xml
   0.0026278s [  8.1%] pre-initialization
   0.0012971s [  4.0%] initialization
    3.38e-05s [  0.1%] steps
   0.0048211s [ 14.8%] solver (excl. callbacks)
   0.0016895s [  5.2%] creating output-file
   0.0002753s [  0.8%] event-handling
   0.0051067s [ 15.7%] overhead
   0.0166539s [ 51.2%] simulation
   0.0325052s [100.0%] total
events
    0 state events
    0 time events
solver: dassl
   19 steps taken
   19 calls of functionODE
   18 evaluations of jacobian
    0 error test failures
    0 convergence test failures
1.46e-05s time of jacobian evaluation
The simulation finished successfully.
